Testsuite: BeatTester
Tests run: 4, Failures: 2, Errors: 0, Time elapsed: 0.023 sec

Testcase: testBeat[0] took 0.002 sec
Testcase: testBeat[1] took 0.003 sec
	FAILED
expected:<64.0> but was:<62.375>
junit.framework.AssertionFailedError: expected:<64.0> but was:<62.375>
	at BeatTester.testBeat(Unknown Source)
	at org.eclipse.ant.internal.launching.remote.EclipseDefaultExecutor.executeTargets(EclipseDefaultExecutor.java:32)
	at org.eclipse.ant.internal.launching.remote.InternalAntRunner.run(InternalAntRunner.java:424)
	at org.eclipse.ant.internal.launching.remote.InternalAntRunner.main(InternalAntRunner.java:138)

Testcase: testBeat[2] took 0.001 sec
Testcase: testBeat[3] took 0.001 sec
	FAILED
expected:<32.0> but was:<30.0>
junit.framework.AssertionFailedError: expected:<32.0> but was:<30.0>
	at BeatTester.testBeat(Unknown Source)
	at org.eclipse.ant.internal.launching.remote.EclipseDefaultExecutor.executeTargets(EclipseDefaultExecutor.java:32)
	at org.eclipse.ant.internal.launching.remote.InternalAntRunner.run(InternalAntRunner.java:424)
	at org.eclipse.ant.internal.launching.remote.InternalAntRunner.main(InternalAntRunner.java:138)

